
> uip-erp-backend@1.0.0 dev
> tsx src/server.ts

[dotenv@17.2.2] injecting env (7) from .env -- tip: ⚙️  enable debug logging with { debug: true }
(node:41576) [MONGOOSE] Warning: Duplicate schema index on {"expiresAt":1} found. This is often due to declaring an index using both "index: true" and "schema.index()". Please remove the duplicate index definition.
(Use `node --trace-warnings ...` to show where the warning was created)
Backend running on http://localhost:4000
MongoDB connected
[0mGET /health [32m200[0m 2.243 ms - 15[0m
[0mGET /health [32m200[0m 0.274 ms - 15[0m
[0mGET /health [32m200[0m 0.215 ms - 15[0m
[0mGET /api/employees/eligible-supervisors [33m401[0m 0.492 ms - 25[0m
[0mPOST /api/auth/login [32m200[0m 136.455 ms - 88[0m
[0mGET /api/notifications/unread-count [36m304[0m 12.821 ms - -[0m
[0mGET /api/time-off/requests [36m304[0m 33.660 ms - -[0m
[0mGET /api/time-off/balances/me [36m304[0m 32.251 ms - -[0m
[0mGET /api/time-off/leave-types [36m304[0m 5.788 ms - -[0m
[0mGET /api/employees/eligible-supervisors [32m200[0m 45.370 ms - 242[0m
[0mGET /api/notifications/unread-count [36m304[0m 7.233 ms - -[0m
[0mGET /api/notifications/unread-count [36m304[0m 3.679 ms - -[0m
[0mGET /api/notifications/unread-count [36m304[0m 3.224 ms - -[0m
[0mGET /api/time-off/leave-types [36m304[0m 6.213 ms - -[0m
[0mGET /api/notifications/unread-count [36m304[0m 4.675 ms - -[0m
[0mGET /api/notifications/unread-count [36m304[0m 5.674 ms - -[0m
[0mGET /api/notifications/unread-count [36m304[0m 2.330 ms - -[0m
[0mGET /api/notifications/unread-count [36m304[0m 2.849 ms - -[0m
[0mGET /api/notifications/unread-count [36m304[0m 4.603 ms - -[0m
[0mGET /api/notifications/unread-count [36m304[0m 5.902 ms - -[0m
[0mGET /api/notifications/unread-count [36m304[0m 3.198 ms - -[0m
[0mPOST /api/time-off/requests [32m201[0m 139.161 ms - 614[0m
[0mGET /api/time-off/requests [32m200[0m 18.333 ms - 2207[0m
[0mGET /api/time-off/balances/me [32m200[0m 16.188 ms - 340[0m
[0mGET /api/time-off/requests [33m401[0m 2.221 ms - 25[0m
[0mGET /api/time-off/balances/me [33m401[0m 1.863 ms - 25[0m
[0mPOST /api/auth/login [32m200[0m 93.343 ms - 82[0m
[0mGET /api/time-off/leave-types [36m304[0m 11.778 ms - -[0m
[0mGET /api/time-off/requests [32m200[0m 22.643 ms - 3095[0m
[0mGET /api/time-off/balances/me [32m200[0m 23.776 ms - 340[0m
[0mGET /api/notifications/unread-count [36m304[0m 3.930 ms - -[0m
[0mGET /api/time-off/requests/68cd0d2481651fc89b163655 [32m200[0m 11.037 ms - 525[0m
[0mPOST /api/time-off/requests/68cd0d2481651fc89b163655/approve [32m200[0m 69.497 ms - 679[0m
[0mGET /api/time-off/requests/68cd0d2481651fc89b163655 [32m200[0m 6.851 ms - 712[0m
[0mGET /api/notifications/unread-count [32m200[0m 4.193 ms - 17[0m
[0mPOST /api/time-off/requests/68cd0d2481651fc89b163655/approve [32m200[0m 48.189 ms - 831[0m
[0mGET /api/time-off/requests/68cd0d2481651fc89b163655 [32m200[0m 11.681 ms - 897[0m
[0mGET /api/contacts [36m304[0m 6.955 ms - -[0m
[0mGET /api/time-off/requests [32m200[0m 17.157 ms - 2579[0m
[0mGET /api/time-off/balances/me [32m200[0m 14.893 ms - 341[0m
[0mGET /api/time-off/requests/68cd0d2481651fc89b163655 [32m200[0m 9.178 ms - 897[0m
[0mGET /api/notifications/unread-count [32m200[0m 3.191 ms - 17[0m
[0mGET /api/employees [32m200[0m 5.733 ms - 2773[0m
[0mPOST /api/auth/logout [32m200[0m 0.596 ms - 52[0m
[0mPOST /api/auth/login [33m401[0m 7.460 ms - 31[0m
[0mPOST /api/auth/login [33m401[0m 3.230 ms - 31[0m
[0mPOST /api/auth/login [33m401[0m 3.890 ms - 31[0m
[0mGET /api/employees/68cba7b2d9f4edd136ec76fc [32m200[0m 3.085 ms - 282[0m
[0mPOST /api/auth/login [33m401[0m 3.620 ms - 31[0m
[0mPOST /api/auth/login [33m401[0m 2.573 ms - 31[0m
[0mPOST /api/auth/login [32m200[0m 83.498 ms - 82[0m
[0mGET /api/notifications/unread-count [32m200[0m 6.785 ms - 17[0m
[0mGET /api/employees [36m304[0m 5.090 ms - -[0m
[0mGET /api/employees/68cba7b2d9f4edd136ec76fc [36m304[0m 4.476 ms - -[0m
[0mDELETE /api/employees/68cba7b2d9f4edd136ec76fc [32m204[0m 3.041 ms - -[0m
[0mGET /api/employees [32m200[0m 4.861 ms - 2490[0m
[0mGET /api/employees/68cbf568873e452d27448f72 [36m304[0m 3.667 ms - -[0m
[0mDELETE /api/employees/68cbf568873e452d27448f72 [32m204[0m 3.335 ms - -[0m
[0mGET /api/employees [32m200[0m 3.693 ms - 2149[0m
[0mGET /api/employees/68cba5fb65e7058a30416d71 [32m200[0m 3.543 ms - 400[0m
[0mDELETE /api/employees/68cba5fb65e7058a30416d71 [32m204[0m 3.406 ms - -[0m
[0mGET /api/employees [32m200[0m 5.006 ms - 1748[0m
[0mGET /api/employees/68cbab455e2b5499d29d78ac [36m304[0m 3.727 ms - -[0m
[0mGET /api/notifications/unread-count [36m304[0m 4.930 ms - -[0m
[0mGET /api/employees/68cba5fb65e7058a30416d69 [32m200[0m 4.469 ms - 369[0m
[0mDELETE /api/employees/68cba5fb65e7058a30416d69 [32m204[0m 3.082 ms - -[0m
[0mGET /api/employees [32m200[0m 5.238 ms - 1378[0m
[0mGET /api/employees/68cbab455e2b5499d29d78ac [36m304[0m 3.970 ms - -[0m
[0mGET /api/notifications/unread-count [33m401[0m 0.349 ms - 25[0m
[0mGET /api/employees/68cbab455e2b5499d29d78ac [33m401[0m 0.315 ms - 25[0m
[0mPOST /api/auth/refresh [32m200[0m 10.166 ms - 16[0m
[0mGET /api/notifications/unread-count [36m304[0m 3.942 ms - -[0m
[0mGET /api/employees/68cbab455e2b5499d29d78ac [36m304[0m 2.934 ms - -[0m
[0mGET /api/employees [36m304[0m 4.833 ms - -[0m
[0mGET /api/notifications/unread-count [36m304[0m 2.920 ms - -[0m
[0mGET /api/notifications/unread-count [36m304[0m 3.595 ms - -[0m
[0mPOST /api/employees/create-with-user [32m201[0m 97.286 ms - 226[0m
[0mGET /api/employees [32m200[0m 4.710 ms - 1765[0m
[0mGET /api/employees/68cd127181651fc89b163702 [32m200[0m 4.798 ms - 386[0m
[0mGET /api/time-off/leave-types [36m304[0m 11.974 ms - -[0m
[0mGET /api/time-off/requests [32m200[0m 23.695 ms - 3137[0m
[0mGET /api/time-off/balances/me [32m200[0m 24.831 ms - 340[0m
[0mPOST /api/auth/logout [32m200[0m 0.384 ms - 52[0m
[0mPOST /api/auth/login [32m200[0m 78.747 ms - 101[0m
[0mPOST /api/auth/logout [32m200[0m 0.265 ms - 52[0m
[0mPOST /api/auth/login [33m400[0m 1.215 ms - 108[0m
[0mPOST /api/auth/login [32m200[0m 85.762 ms - 88[0m
[0mGET /api/employees/eligible-supervisors [33m404[0m 3.069 ms - 38[0m
[0mGET /api/employees/eligible-supervisors [33m404[0m 3.945 ms - 38[0m
[0mGET /api/employees/eligible-supervisors [33m404[0m 2.460 ms - 38[0m
[0mGET /api/employees/eligible-supervisors [33m404[0m 3.889 ms - 38[0m
[0mGET /api/notifications/unread-count [32m200[0m 4.513 ms - 17[0m
[0mGET /api/employees/eligible-supervisors [33m404[0m 3.213 ms - 38[0m
[0mGET /favicon.ico [33m404[0m 1.730 ms - 150[0m
[0mGET /api/time-off/requests [33m404[0m 2.867 ms - 38[0m
[0mGET /api/time-off/balances/me [33m404[0m 8.508 ms - 38[0m
[0mGET /api/time-off/leave-types [36m304[0m 7.139 ms - -[0m
[0mGET /api/employees/eligible-supervisors [33m404[0m 5.949 ms - 38[0m
[0mGET /api/time-off/requests [33m404[0m 4.069 ms - 38[0m
[0mGET /api/time-off/balances/me [33m404[0m 2.808 ms - 38[0m
[0mGET /api/employees/eligible-supervisors [33m404[0m 2.859 ms - 38[0m
[0mGET /api/time-off/requests [33m404[0m 5.389 ms - 38[0m
[0mGET /api/time-off/balances/me [33m404[0m 7.805 ms - 38[0m
[0mGET /api/employees/eligible-supervisors [33m404[0m 6.552 ms - 38[0m
[0mGET /api/time-off/requests [33m404[0m 4.199 ms - 38[0m
[0mGET /api/time-off/balances/me [33m404[0m 6.831 ms - 38[0m
[0mGET /api/employees/eligible-supervisors [33m404[0m 4.719 ms - 38[0m
[0mGET /api/notifications/unread-count [36m304[0m 2.794 ms - -[0m
[0mGET /api/dashboard/stats [33m404[0m 0.719 ms - 158[0m
[0mGET /api/notifications/unread-count [36m304[0m 6.241 ms - -[0m
[0mGET /api/dashboard/stats [33m404[0m 0.822 ms - 158[0m
[0mPOST /api/auth/logout [32m200[0m 0.473 ms - 52[0m
[0mPOST /api/auth/login [32m200[0m 88.358 ms - 88[0m
[0mGET /api/time-off/requests [33m404[0m 9.528 ms - 38[0m
[0mGET /api/time-off/balances/me [33m404[0m 6.278 ms - 38[0m
[0mGET /api/time-off/requests [33m404[0m 4.715 ms - 38[0m
[0mGET /api/time-off/balances/me [33m404[0m 3.618 ms - 38[0m
[0mGET /api/time-off/leave-types [36m304[0m 4.504 ms - -[0m
[0mGET /api/employees/eligible-supervisors [33m404[0m 3.962 ms - 38[0m
[0mGET /api/time-off/requests [33m404[0m 5.156 ms - 38[0m
[0mGET /api/time-off/balances/me [33m404[0m 2.972 ms - 38[0m
[0mGET /api/employees/eligible-supervisors [33m404[0m 3.787 ms - 38[0m
[0mGET /api/employees/eligible-supervisors [33m404[0m 4.120 ms - 38[0m
[0mGET /api/time-off/requests [33m404[0m 7.081 ms - 38[0m
[0mGET /api/time-off/balances/me [33m404[0m 4.727 ms - 38[0m
[0mGET /api/employees/eligible-supervisors [33m404[0m 3.005 ms - 38[0m
[0mGET /api/notifications/unread-count [36m304[0m 3.706 ms - -[0m
[0mPOST /api/auth/logout [32m200[0m 0.304 ms - 52[0m
[0mPOST /api/auth/login [32m200[0m 83.467 ms - 82[0m
[0mGET /api/time-off/requests [32m200[0m 18.992 ms - 3137[0m
[0mGET /api/time-off/balances/me [32m200[0m 18.627 ms - 340[0m
[0mGET /api/employees/eligible-supervisors [32m200[0m 23.119 ms - 221[0m
[0mGET /api/notifications/unread-count [32m200[0m 2.679 ms - 17[0m
[0mGET /api/notifications/unread-count [36m304[0m 3.959 ms - -[0m
[0mGET /api/notifications/unread-count [36m304[0m 4.402 ms - -[0m
[0mGET /api/notifications/unread-count [36m304[0m 3.960 ms - -[0m
[0mGET /api/notifications/unread-count [36m304[0m 5.469 ms - -[0m
[0mGET /api/time-off/leave-types [36m304[0m 2.883 ms - -[0m
[0mGET /api/notifications/unread-count [36m304[0m 3.300 ms - -[0m
[0mPOST /api/auth/logout [32m200[0m 0.303 ms - 52[0m
[0mPOST /api/auth/login [32m200[0m 80.775 ms - 88[0m
[0mGET /api/time-off/requests [33m404[0m 8.027 ms - 38[0m
[0mGET /api/time-off/balances/me [33m404[0m 4.284 ms - 38[0m
[0mGET /api/time-off/requests [33m404[0m 4.727 ms - 38[0m
[0mGET /api/time-off/balances/me [33m404[0m 3.105 ms - 38[0m
[0mGET /api/time-off/requests [33m404[0m 4.614 ms - 38[0m
[0mGET /api/time-off/balances/me [33m404[0m 3.059 ms - 38[0m
[0mGET /api/time-off/requests [33m404[0m 4.182 ms - 38[0m
[0mGET /api/time-off/balances/me [33m404[0m 2.466 ms - 38[0m
[0mGET /api/time-off/requests [33m404[0m 13.554 ms - 38[0m
[0mGET /api/time-off/balances/me [33m404[0m 10.608 ms - 38[0m
[0mGET /api/notifications/unread-count [32m200[0m 6.944 ms - 17[0m
[0mGET /api/time-off/requests [33m404[0m 3.767 ms - 38[0m
[0mGET /api/time-off/balances/me [33m404[0m 2.071 ms - 38[0m
[0mGET /api/time-off/requests [33m404[0m 12.458 ms - 38[0m
[0mGET /api/time-off/balances/me [33m404[0m 7.902 ms - 38[0m
[0mGET /api/time-off/requests [33m404[0m 3.775 ms - 38[0m
[0mGET /api/time-off/balances/me [33m404[0m 2.896 ms - 38[0m
[0mGET /api/dashboard/stats [33m404[0m 0.762 ms - 158[0m
[0mGET /api/notifications/unread-count [36m304[0m 7.891 ms - -[0m
[0mGET /api/dashboard/stats [33m404[0m 0.542 ms - 158[0m
[0mPOST /api/auth/logout [32m200[0m 0.373 ms - 52[0m
[0mPOST /api/auth/login [32m200[0m 83.574 ms - 88[0m
[0mGET /api/time-off/requests [33m404[0m 8.059 ms - 38[0m
[0mGET /api/time-off/balances/me [33m404[0m 5.261 ms - 38[0m
[0mGET /api/time-off/requests [33m404[0m 3.821 ms - 38[0m
[0mGET /api/time-off/balances/me [33m404[0m 2.551 ms - 38[0m
[0mGET /api/time-off/leave-types [36m304[0m 3.493 ms - -[0m
[0mGET /api/employees/eligible-supervisors [33m404[0m 2.757 ms - 38[0m
[0mGET /api/time-off/requests [33m404[0m 5.367 ms - 38[0m
[0mGET /api/time-off/balances/me [33m404[0m 3.851 ms - 38[0m
[0mGET /api/employees/eligible-supervisors [33m404[0m 4.345 ms - 38[0m
[0mGET /api/employees/eligible-supervisors [33m404[0m 7.724 ms - 38[0m
[0mGET /api/time-off/requests [33m404[0m 7.839 ms - 38[0m
[0mGET /api/time-off/balances/me [33m404[0m 6.756 ms - 38[0m
[0mGET /api/employees/eligible-supervisors [33m404[0m 4.146 ms - 38[0m
[0mGET /api/employees/eligible-supervisors [33m404[0m 3.673 ms - 38[0m
[0mGET /api/time-off/requests [33m404[0m 5.414 ms - 38[0m
[0mGET /api/time-off/balances/me [33m404[0m 4.404 ms - 38[0m
[0mGET /api/employees/eligible-supervisors [33m404[0m 4.315 ms - 38[0m
[0mGET /api/time-off/requests [33m404[0m 7.036 ms - 38[0m
[0mGET /api/time-off/balances/me [33m404[0m 4.490 ms - 38[0m
[0mGET /api/employees/eligible-supervisors [33m404[0m 3.555 ms - 38[0m
[0mGET /api/time-off/requests [33m404[0m 6.637 ms - 38[0m
[0mGET /api/time-off/balances/me [33m404[0m 4.249 ms - 38[0m
[0mGET /api/employees/eligible-supervisors [33m404[0m 2.457 ms - 38[0m
[0mGET /api/time-off/requests [33m404[0m 9.319 ms - 38[0m
[0mGET /api/time-off/balances/me [33m404[0m 7.194 ms - 38[0m
[0mGET /api/employees/eligible-supervisors [33m404[0m 4.559 ms - 38[0m
[0mGET /api/notifications/unread-count [36m304[0m 3.204 ms - -[0m
[0mGET /api/notifications/unread-count [36m304[0m 2.487 ms - -[0m
[0mGET /api/contacts [36m304[0m 6.941 ms - -[0m
[0mGET /api/time-off/requests [33m404[0m 5.709 ms - 38[0m
[0mGET /api/time-off/balances/me [33m404[0m 3.117 ms - 38[0m
[0mGET /api/time-off/requests [33m404[0m 10.566 ms - 38[0m
[0mGET /api/time-off/balances/me [33m404[0m 6.385 ms - 38[0m
[0mGET /api/time-off/requests [33m404[0m 4.757 ms - 38[0m
[0mGET /api/time-off/balances/me [33m404[0m 2.611 ms - 38[0m
[0mGET /api/time-off/leave-types [36m304[0m 5.219 ms - -[0m
[0mGET /api/employees/eligible-supervisors [33m404[0m 2.284 ms - 38[0m
[0mGET /api/employees/eligible-supervisors [33m404[0m 2.534 ms - 38[0m
[0mGET /api/employees/eligible-supervisors [33m404[0m 5.092 ms - 38[0m
[0mGET /api/time-off/requests [33m404[0m 4.625 ms - 38[0m
[0mGET /api/time-off/balances/me [33m404[0m 2.881 ms - 38[0m
[0mGET /api/employees/eligible-supervisors [33m404[0m 2.283 ms - 38[0m
[0mGET /api/notifications/unread-count [36m304[0m 2.975 ms - -[0m
[0mGET /api/notifications/unread-count [36m304[0m 3.651 ms - -[0m
[0mGET /api/docs/ [36m304[0m 7.180 ms - -[0m
[0mGET /api/docs/swagger-ui-bundle.js [36m304[0m 2.096 ms - -[0m
[0mGET /api/docs/swagger-ui.css [36m304[0m 3.601 ms - -[0m
[0mGET /api/docs/swagger-ui-standalone-preset.js [36m304[0m 2.870 ms - -[0m
[0mGET /api/docs/swagger-ui-init.js [36m304[0m 0.331 ms - -[0m
[0mGET /api/docs/favicon-32x32.png [36m304[0m 0.768 ms - -[0m
[0mGET /api/time-off/requests [33m404[0m 12.542 ms - 38[0m
[0mGET /api/time-off/balances/me [33m404[0m 10.281 ms - 38[0m
[0mGET /api/notifications/unread-count [36m304[0m 8.074 ms - -[0m
[0mGET /api/time-off/requests [33m404[0m 6.704 ms - 38[0m
[0mGET /api/time-off/balances/me [33m404[0m 3.614 ms - 38[0m
[0mGET /api/time-off/requests [33m404[0m 9.028 ms - 38[0m
[0mGET /api/time-off/balances/me [33m404[0m 5.913 ms - 38[0m
[0mGET /api/time-off/requests [33m404[0m 6.689 ms - 38[0m
[0mGET /api/time-off/balances/me [33m404[0m 3.150 ms - 38[0m
[0mGET /api/notifications/unread-count [36m304[0m 2.831 ms - -[0m
[0mGET /api/notifications/unread-count [36m304[0m 2.689 ms - -[0m
[0mGET /api/notifications/unread-count [36m304[0m 3.967 ms - -[0m
[0mGET /api/time-off/requests [33m404[0m 9.569 ms - 38[0m
[0mGET /api/time-off/balances/me [33m404[0m 7.317 ms - 38[0m
[0mGET /api/notifications/unread-count [36m304[0m 5.323 ms - -[0m
[0mGET /api/time-off/requests [33m404[0m 5.825 ms - 38[0m
[0mGET /api/time-off/balances/me [33m404[0m 4.199 ms - 38[0m
[0mGET /api/time-off/requests [33m404[0m 8.857 ms - 38[0m
[0mGET /api/time-off/balances/me [33m404[0m 5.747 ms - 38[0m
[0mPOST /api/auth/logout [32m200[0m 0.594 ms - 52[0m
[0mPOST /api/auth/login [32m200[0m 90.005 ms - 82[0m
[0mGET /api/employees [36m304[0m 7.020 ms - -[0m
[0mGET /api/employees/68cd127181651fc89b163702 [36m304[0m 5.009 ms - -[0m
[0mDELETE /api/employees/68cd127181651fc89b163702 [32m204[0m 3.427 ms - -[0m
[0mGET /api/employees [32m200[0m 5.744 ms - 1378[0m
[0mGET /api/employees/68cbab455e2b5499d29d78ac [36m304[0m 4.439 ms - -[0m
[0mDELETE /api/employees/68cbab455e2b5499d29d78ac [32m204[0m 3.530 ms - -[0m
[0mGET /api/employees [32m200[0m 3.318 ms - 1063[0m
[0mGET /api/employees/68cba5fb65e7058a30416d6d [32m200[0m 4.376 ms - 353[0m
[0mDELETE /api/employees/68cba5fb65e7058a30416d6d [32m204[0m 3.405 ms - -[0m
[0mGET /api/employees [32m200[0m 3.819 ms - 709[0m
[0mGET /api/employees/68cba5fb65e7058a30416d65 [32m200[0m 2.986 ms - 350[0m
[0mDELETE /api/employees/68cba5fb65e7058a30416d65 [32m204[0m 3.536 ms - -[0m
[0mGET /api/employees [32m200[0m 4.939 ms - 358[0m
[0mGET /api/employees/68cba5fb65e7058a30416d61 [32m200[0m 4.089 ms - 356[0m
[0mDELETE /api/employees/68cba5fb65e7058a30416d61 [32m204[0m 3.256 ms - -[0m
[0mGET /api/employees [32m200[0m 3.687 ms - 2[0m
[0mGET /api/notifications/unread-count [32m200[0m 4.969 ms - 17[0m
[0mGET /api/notifications/unread-count [36m304[0m 5.662 ms - -[0m
[0mGET /api/dashboard/stats [33m404[0m 0.491 ms - 158[0m
[0mGET /api/dashboard/stats [33m404[0m 0.731 ms - 158[0m
[0mPOST /api/auth/logout [32m200[0m 0.280 ms - 52[0m
[0mPOST /api/auth/login [32m200[0m 86.554 ms - 82[0m
[0mGET /api/employees [36m304[0m 4.872 ms - -[0m
[0mGET /api/contacts [36m304[0m 4.241 ms - -[0m
[0mGET /api/time-off/balances/me [33m404[0m 13.899 ms - 38[0m
[0mGET /api/time-off/requests [32m200[0m 21.017 ms - 2828[0m
[0mGET /api/time-off/leave-types [36m304[0m 7.559 ms - -[0m
[0mGET /api/time-off/balances/me [33m404[0m 5.389 ms - 38[0m
[0mGET /api/time-off/balances/me [33m404[0m 2.324 ms - 38[0m
[0mGET /api/time-off/balances/me [33m404[0m 3.371 ms - 38[0m
[0mGET /api/time-off/requests/68cd0d2481651fc89b163655 [32m200[0m 12.655 ms - 813[0m
[0mGET /api/time-off/balances/me [33m404[0m 3.042 ms - 38[0m
[0mGET /api/time-off/balances/me [33m404[0m 8.654 ms - 38[0m
[0mGET /api/time-off/requests/68cc0ddc873e452d274490d0 [32m200[0m 11.617 ms - 553[0m
[0mGET /api/time-off/balances/me [33m404[0m 3.469 ms - 38[0m
[0mGET /api/time-off/balances/me [33m404[0m 2.094 ms - 38[0m
[0mGET /api/employees/68cba7b2d9f4edd136ec76fc [33m401[0m 0.336 ms - 25[0m
[0mGET /api/notifications/unread-count [36m304[0m 16.010 ms - -[0m
[0mGET /api/time-off/requests [32m200[0m 12.635 ms - 2[0m
[0mGET /api/time-off/balances/me [33m404[0m 9.551 ms - 38[0m
[0mGET /api/time-off/leave-types [36m304[0m 9.680 ms - -[0m
[0mGET /api/time-off/balances/me [33m404[0m 9.045 ms - 38[0m
[0mGET /api/contacts [36m304[0m 5.839 ms - -[0m
[0mGET /api/employees [36m304[0m 4.346 ms - -[0m
[0mGET /api/dashboard/stats [33m404[0m 0.239 ms - 158[0m
[0mGET /api/notifications/unread-count [36m304[0m 4.290 ms - -[0m
[0mGET /api/dashboard/stats [33m404[0m 0.571 ms - 158[0m
[0mPOST /api/auth/logout [32m200[0m 0.313 ms - 52[0m
[0mPOST /api/auth/login [32m200[0m 82.755 ms - 82[0m
[0mGET /api/employees [36m304[0m 3.925 ms - -[0m
[0mPOST /api/employees/create-with-user [32m201[0m 141.740 ms - 215[0m
[0mGET /api/employees [32m200[0m 3.653 ms - 376[0m
[0mGET /api/notifications/unread-count [36m304[0m 5.439 ms - -[0m
[0mPOST /api/auth/login [33m401[0m 86.788 ms - 31[0m
[0mPOST /api/auth/login [32m200[0m 100.025 ms - 82[0m
[0mGET /api/time-off/requests [32m200[0m 9.332 ms - 2[0m
[0mGET /api/time-off/balances/me [32m200[0m 6.535 ms - 2[0m
[0mGET /api/time-off/requests [36m304[0m 4.898 ms - -[0m
[0mGET /api/time-off/balances/me [33m404[0m 8.363 ms - 38[0m
[0mGET /api/time-off/leave-types [36m304[0m 5.217 ms - -[0m
[0mGET /api/time-off/balances/me [33m404[0m 3.100 ms - 38[0m
[0mGET /api/time-off/balances/me [33m404[0m 2.949 ms - 38[0m
[0mGET /api/time-off/balances/me [33m404[0m 5.227 ms - 38[0m
[0mGET /api/time-off/balances/me [33m404[0m 3.458 ms - 38[0m
[0mGET /api/time-off/balances/me [33m404[0m 3.640 ms - 38[0m
[0mGET /api/time-off/balances/me [33m404[0m 3.966 ms - 38[0m
[0mGET /api/time-off/balances/me [33m404[0m 2.618 ms - 38[0m
[0mGET /api/notifications/unread-count [36m304[0m 5.528 ms - -[0m
[0mGET /api/time-off/leave-types [36m304[0m 2.666 ms - -[0m
[0mGET /api/notifications/unread-count [36m304[0m 9.040 ms - -[0m
[0mPOST /api/time-off/requests [33m400[0m 10.166 ms - 54[0m
[0mGET /api/notifications/unread-count [36m304[0m 5.310 ms - -[0m
[0mGET /api/notifications/unread-count [36m304[0m 4.058 ms - -[0m
[0mGET /api/notifications/unread-count [36m304[0m 2.817 ms - -[0m
[0mGET /api/notifications/unread-count [36m304[0m 3.823 ms - -[0m
[0mGET /api/notifications/unread-count [36m304[0m 2.549 ms - -[0m
[0mGET /api/notifications/unread-count [36m304[0m 3.467 ms - -[0m
[0mGET /api/employees [36m304[0m 7.260 ms - -[0m
[0mGET /api/employees/68cd182381651fc89b16380e [32m200[0m 4.923 ms - 374[0m
[0mDELETE /api/employees/68cd182381651fc89b16380e [32m204[0m 2.379 ms - -[0m
[0mGET /api/employees [32m200[0m 4.500 ms - 2[0m
[0mPOST /api/employees/create-with-user [33m409[0m 2.977 ms - 32[0m
[0mGET /api/notifications/unread-count [36m304[0m 4.087 ms - -[0m
[0mPOST /api/employees/create-with-user [32m201[0m 80.332 ms - 216[0m
[0mGET /api/employees [32m200[0m 3.971 ms - 377[0m
[0mGET /api/time-off/requests [33m404[0m 5.044 ms - 38[0m
[0mGET /api/time-off/balances/me [33m404[0m 3.329 ms - 38[0m
[0mGET /api/time-off/requests [33m404[0m 3.905 ms - 38[0m
[0mGET /api/time-off/balances/me [33m404[0m 2.680 ms - 38[0m
[0mGET /api/notifications/unread-count [36m304[0m 2.401 ms - -[0m
[0mGET /api/dashboard/stats [33m404[0m 0.301 ms - 158[0m
[0mGET /api/notifications/unread-count [32m200[0m 3.616 ms - 17[0m
[0mGET /api/dashboard/stats [33m404[0m 0.212 ms - 158[0m
[0mPOST /api/auth/logout [32m200[0m 0.214 ms - 52[0m
[0mPOST /api/auth/login [32m200[0m 86.277 ms - 83[0m
[0mGET /api/time-off/requests [32m200[0m 9.694 ms - 2[0m
[0mGET /api/time-off/balances/me [32m200[0m 8.406 ms - 2[0m
